2019-11-07 23:48:26.519  INFO 13240 --- [main] com.leo.App                              : Starting App on zhangql with PID 13240 (D:\software\special\ide-workspace\idea\dollar_parent\target\classes started by Leo in D:\software\special\ide-workspace\idea\dollar_parent)
2019-11-07 23:48:26.561  INFO 13240 --- [main] com.leo.App                              : No active profile set, falling back to default profiles: default
2019-11-07 23:48:26.800  INFO 13240 --- [main] ConfigServletWebServerApplicationContext : Refreshing org.springframework.boot.web.servlet.context.AnnotationConfigServletWebServerApplicationContext@61862a7f: startup date [Thu Nov 07 23:48:26 CST 2019]; root of context hierarchy
2019-11-07 23:48:30.033  INFO 13240 --- [main] o.s.b.w.embedded.tomcat.TomcatWebServer  : Tomcat initialized with port(s): 8090 (http)
2019-11-07 23:48:30.112  INFO 13240 --- [main] o.apache.catalina.core.StandardService   : Starting service [Tomcat]
2019-11-07 23:48:30.113  INFO 13240 --- [main] org.apache.catalina.core.StandardEngine  : Starting Servlet Engine: Apache Tomcat/8.5.29
2019-11-07 23:48:30.126  INFO 13240 --- [localhost-startStop-1] o.a.catalina.core.AprLifecycleListener   : The APR based Apache Tomcat Native library which allows optimal performance in production environments was not found on the java.library.path: [D:\software\special\tools\Java\jdk1.8.0_181\bin;C:\Windows\Sun\Java\bin;C:\Windows\system32;C:\Windows;D:\software\special\NetSarang\Xshell 6\;D:\software\special\NetSarang\Xftp 6\;C:\Program Files (x86)\Common Files\Oracle\Java\javapath;C:\Program Files (x86)\Intel\Intel(R) Management Engine Components\iCLS\;C:\Program Files\Intel\Intel(R) Management Engine Components\iCLS\;C:\Windows\system32;C:\Windows;C:\Windows\System32\Wbem;C:\Windows\System32\WindowsPowerShell\v1.0\;C:\Windows\System32\OpenSSH\;C:\Program Files\NVIDIA Corporation\NVIDIA NvDLISR;C:\Program Files\Intel\WiFi\bin\;C:\Program Files\Common Files\Intel\WirelessCommon\;C:\Program Files (x86)\NVIDIA Corporation\PhysX\Common;C:\Program Files (x86)\Intel\Intel(R) Management Engine Components\DAL;C:\Program Files\Intel\Intel(R) Management Engine Components\DAL;D:\software\special\TortoiseSVN\bin;D:\software\special\tools\Java\jdk1.8.0_181\bin;D:\software\special\tools\go\bin;D:\software\special\Git\cmd;C:\Users\Leo\AppData\Local\Microsoft\WindowsApps;C:\Program Files\Intel\WiFi\bin\;C:\Program Files\Common Files\Intel\WirelessCommon\;D:\software\special\Microsoft VS Code\bin;.]
2019-11-07 23:48:30.440  INFO 13240 --- [localhost-startStop-1] o.a.c.c.C.[Tomcat].[localhost].[/]       : Initializing Spring embedded WebApplicationContext
2019-11-07 23:48:30.442  INFO 13240 --- [localhost-startStop-1] o.s.web.context.ContextLoader            : Root WebApplicationContext: initialization completed in 3642 ms
2019-11-07 23:48:30.847  INFO 13240 --- [localhost-startStop-1] o.s.b.w.servlet.ServletRegistrationBean  : Servlet dispatcherServlet mapped to [/]
2019-11-07 23:48:30.859  INFO 13240 --- [localhost-startStop-1] o.s.b.w.servlet.FilterRegistrationBean   : Mapping filter: 'characterEncodingFilter' to: [/*]
2019-11-07 23:48:30.861  INFO 13240 --- [localhost-startStop-1] o.s.b.w.servlet.FilterRegistrationBean   : Mapping filter: 'hiddenHttpMethodFilter' to: [/*]
2019-11-07 23:48:30.861  INFO 13240 --- [localhost-startStop-1] o.s.b.w.servlet.FilterRegistrationBean   : Mapping filter: 'httpPutFormContentFilter' to: [/*]
2019-11-07 23:48:30.862  INFO 13240 --- [localhost-startStop-1] o.s.b.w.servlet.FilterRegistrationBean   : Mapping filter: 'requestContextFilter' to: [/*]
2019-11-07 23:48:31.152  INFO 13240 --- [main] o.s.w.s.handler.SimpleUrlHandlerMapping  : Mapped URL path [/**/favicon.ico] onto handler of type [class org.springframework.web.servlet.resource.ResourceHttpRequestHandler]
2019-11-07 23:48:31.625  INFO 13240 --- [main] s.w.s.m.m.a.RequestMappingHandlerAdapter : Looking for @ControllerAdvice: org.springframework.boot.web.servlet.context.AnnotationConfigServletWebServerApplicationContext@61862a7f: startup date [Thu Nov 07 23:48:26 CST 2019]; root of context hierarchy
2019-11-07 23:48:31.739  INFO 13240 --- [main] s.w.s.m.m.a.RequestMappingHandlerMapping : Mapped "{[/success]}" onto public java.lang.String com.leo.controller.HelloController.success()
2019-11-07 23:48:31.741  INFO 13240 --- [main] s.w.s.m.m.a.RequestMappingHandlerMapping : Mapped "{[/hello]}" onto public java.lang.String com.leo.controller.HelloController.hello()
2019-11-07 23:48:31.750  INFO 13240 --- [main] s.w.s.m.m.a.RequestMappingHandlerMapping : Mapped "{[/error]}" onto public org.springframework.http.ResponseEntity<java.util.Map<java.lang.String, java.lang.Object>> org.springframework.boot.autoconfigure.web.servlet.error.BasicErrorController.error(javax.servlet.http.HttpServletRequest)
2019-11-07 23:48:31.752  INFO 13240 --- [main] s.w.s.m.m.a.RequestMappingHandlerMapping : Mapped "{[/error],produces=[text/html]}" onto public org.springframework.web.servlet.ModelAndView org.springframework.boot.autoconfigure.web.servlet.error.BasicErrorController.errorHtml(javax.servlet.http.HttpServletRequest,javax.servlet.http.HttpServletResponse)
2019-11-07 23:48:31.797  INFO 13240 --- [main] o.s.w.s.handler.SimpleUrlHandlerMapping  : Mapped URL path [/webjars/**] onto handler of type [class org.springframework.web.servlet.resource.ResourceHttpRequestHandler]
2019-11-07 23:48:31.798  INFO 13240 --- [main] o.s.w.s.handler.SimpleUrlHandlerMapping  : Mapped URL path [/**] onto handler of type [class org.springframework.web.servlet.resource.ResourceHttpRequestHandler]
2019-11-07 23:48:31.893  WARN 13240 --- [main] ion$DefaultTemplateResolverConfiguration : Cannot find template location: classpath:/templates/ (please add some templates or check your Thymeleaf configuration)
2019-11-07 23:48:32.258  INFO 13240 --- [main] o.s.j.e.a.AnnotationMBeanExporter        : Registering beans for JMX exposure on startup
2019-11-07 23:48:32.351  INFO 13240 --- [main] o.s.b.w.embedded.tomcat.TomcatWebServer  : Tomcat started on port(s): 8090 (http) with context path ''
2019-11-07 23:48:32.361  INFO 13240 --- [main] com.leo.App                              : Started App in 7.102 seconds (JVM running for 11.888)
2019-11-07 23:48:34.127  INFO 13240 --- [http-nio-8090-exec-2] o.a.c.c.C.[Tomcat].[localhost].[/]       : Initializing Spring FrameworkServlet 'dispatcherServlet'
2019-11-07 23:48:34.128  INFO 13240 --- [http-nio-8090-exec-2] o.s.web.servlet.DispatcherServlet        : FrameworkServlet 'dispatcherServlet': initialization started
2019-11-07 23:48:34.173  INFO 13240 --- [http-nio-8090-exec-2] o.s.web.servlet.DispatcherServlet        : FrameworkServlet 'dispatcherServlet': initialization completed in 45 ms
2019-11-07 23:49:46.296  INFO 14748 --- [main] com.leo.App                              : Starting App on zhangql with PID 14748 (D:\software\special\ide-workspace\idea\dollar_parent\target\classes started by Leo in D:\software\special\ide-workspace\idea\dollar_parent)
2019-11-07 23:49:46.303  INFO 14748 --- [main] com.leo.App                              : No active profile set, falling back to default profiles: default
2019-11-07 23:49:46.432  INFO 14748 --- [main] ConfigServletWebServerApplicationContext : Refreshing org.springframework.boot.web.servlet.context.AnnotationConfigServletWebServerApplicationContext@61862a7f: startup date [Thu Nov 07 23:49:46 CST 2019]; root of context hierarchy
2019-11-07 23:49:48.858  INFO 14748 --- [main] o.s.b.w.embedded.tomcat.TomcatWebServer  : Tomcat initialized with port(s): 8090 (http)
2019-11-07 23:49:48.904  INFO 14748 --- [main] o.apache.catalina.core.StandardService   : Starting service [Tomcat]
2019-11-07 23:49:48.905  INFO 14748 --- [main] org.apache.catalina.core.StandardEngine  : Starting Servlet Engine: Apache Tomcat/8.5.29
2019-11-07 23:49:48.915  INFO 14748 --- [localhost-startStop-1] o.a.catalina.core.AprLifecycleListener   : The APR based Apache Tomcat Native library which allows optimal performance in production environments was not found on the java.library.path: [D:\software\special\tools\Java\jdk1.8.0_181\bin;C:\Windows\Sun\Java\bin;C:\Windows\system32;C:\Windows;D:\software\special\NetSarang\Xshell 6\;D:\software\special\NetSarang\Xftp 6\;C:\Program Files (x86)\Common Files\Oracle\Java\javapath;C:\Program Files (x86)\Intel\Intel(R) Management Engine Components\iCLS\;C:\Program Files\Intel\Intel(R) Management Engine Components\iCLS\;C:\Windows\system32;C:\Windows;C:\Windows\System32\Wbem;C:\Windows\System32\WindowsPowerShell\v1.0\;C:\Windows\System32\OpenSSH\;C:\Program Files\NVIDIA Corporation\NVIDIA NvDLISR;C:\Program Files\Intel\WiFi\bin\;C:\Program Files\Common Files\Intel\WirelessCommon\;C:\Program Files (x86)\NVIDIA Corporation\PhysX\Common;C:\Program Files (x86)\Intel\Intel(R) Management Engine Components\DAL;C:\Program Files\Intel\Intel(R) Management Engine Components\DAL;D:\software\special\TortoiseSVN\bin;D:\software\special\tools\Java\jdk1.8.0_181\bin;D:\software\special\tools\go\bin;D:\software\special\Git\cmd;C:\Users\Leo\AppData\Local\Microsoft\WindowsApps;C:\Program Files\Intel\WiFi\bin\;C:\Program Files\Common Files\Intel\WirelessCommon\;D:\software\special\Microsoft VS Code\bin;.]
2019-11-07 23:49:49.096  INFO 14748 --- [localhost-startStop-1] o.a.c.c.C.[Tomcat].[localhost].[/]       : Initializing Spring embedded WebApplicationContext
2019-11-07 23:49:49.097  INFO 14748 --- [localhost-startStop-1] o.s.web.context.ContextLoader            : Root WebApplicationContext: initialization completed in 2665 ms
2019-11-07 23:49:49.402  INFO 14748 --- [localhost-startStop-1] o.s.b.w.servlet.ServletRegistrationBean  : Servlet dispatcherServlet mapped to [/]
2019-11-07 23:49:49.410  INFO 14748 --- [localhost-startStop-1] o.s.b.w.servlet.FilterRegistrationBean   : Mapping filter: 'characterEncodingFilter' to: [/*]
2019-11-07 23:49:49.411  INFO 14748 --- [localhost-startStop-1] o.s.b.w.servlet.FilterRegistrationBean   : Mapping filter: 'hiddenHttpMethodFilter' to: [/*]
2019-11-07 23:49:49.412  INFO 14748 --- [localhost-startStop-1] o.s.b.w.servlet.FilterRegistrationBean   : Mapping filter: 'httpPutFormContentFilter' to: [/*]
2019-11-07 23:49:49.413  INFO 14748 --- [localhost-startStop-1] o.s.b.w.servlet.FilterRegistrationBean   : Mapping filter: 'requestContextFilter' to: [/*]
2019-11-07 23:49:49.624  INFO 14748 --- [main] o.s.w.s.handler.SimpleUrlHandlerMapping  : Mapped URL path [/**/favicon.ico] onto handler of type [class org.springframework.web.servlet.resource.ResourceHttpRequestHandler]
2019-11-07 23:49:49.995  INFO 14748 --- [main] s.w.s.m.m.a.RequestMappingHandlerAdapter : Looking for @ControllerAdvice: org.springframework.boot.web.servlet.context.AnnotationConfigServletWebServerApplicationContext@61862a7f: startup date [Thu Nov 07 23:49:46 CST 2019]; root of context hierarchy
2019-11-07 23:49:50.095  INFO 14748 --- [main] s.w.s.m.m.a.RequestMappingHandlerMapping : Mapped "{[/success]}" onto public java.lang.String com.leo.controller.HelloController.success()
2019-11-07 23:49:50.097  INFO 14748 --- [main] s.w.s.m.m.a.RequestMappingHandlerMapping : Mapped "{[/hello]}" onto public java.lang.String com.leo.controller.HelloController.hello()
2019-11-07 23:49:50.106  INFO 14748 --- [main] s.w.s.m.m.a.RequestMappingHandlerMapping : Mapped "{[/error]}" onto public org.springframework.http.ResponseEntity<java.util.Map<java.lang.String, java.lang.Object>> org.springframework.boot.autoconfigure.web.servlet.error.BasicErrorController.error(javax.servlet.http.HttpServletRequest)
2019-11-07 23:49:50.107  INFO 14748 --- [main] s.w.s.m.m.a.RequestMappingHandlerMapping : Mapped "{[/error],produces=[text/html]}" onto public org.springframework.web.servlet.ModelAndView org.springframework.boot.autoconfigure.web.servlet.error.BasicErrorController.errorHtml(javax.servlet.http.HttpServletRequest,javax.servlet.http.HttpServletResponse)
2019-11-07 23:49:50.154  INFO 14748 --- [main] o.s.w.s.handler.SimpleUrlHandlerMapping  : Mapped URL path [/webjars/**] onto handler of type [class org.springframework.web.servlet.resource.ResourceHttpRequestHandler]
2019-11-07 23:49:50.154  INFO 14748 --- [main] o.s.w.s.handler.SimpleUrlHandlerMapping  : Mapped URL path [/**] onto handler of type [class org.springframework.web.servlet.resource.ResourceHttpRequestHandler]
2019-11-07 23:49:50.562  INFO 14748 --- [main] o.s.j.e.a.AnnotationMBeanExporter        : Registering beans for JMX exposure on startup
2019-11-07 23:49:50.637  INFO 14748 --- [main] o.s.b.w.embedded.tomcat.TomcatWebServer  : Tomcat started on port(s): 8090 (http) with context path ''
2019-11-07 23:49:50.645  INFO 14748 --- [main] com.leo.App                              : Started App in 5.29 seconds (JVM running for 8.911)
2019-11-07 23:49:59.488  INFO 14748 --- [http-nio-8090-exec-1] o.a.c.c.C.[Tomcat].[localhost].[/]       : Initializing Spring FrameworkServlet 'dispatcherServlet'
2019-11-07 23:49:59.489  INFO 14748 --- [http-nio-8090-exec-1] o.s.web.servlet.DispatcherServlet        : FrameworkServlet 'dispatcherServlet': initialization started
2019-11-07 23:49:59.529  INFO 14748 --- [http-nio-8090-exec-1] o.s.web.servlet.DispatcherServlet        : FrameworkServlet 'dispatcherServlet': initialization completed in 39 ms
2019-11-07 23:50:28.898  INFO 18040 --- [main] com.leo.App                              : Starting App on zhangql with PID 18040 (D:\software\special\ide-workspace\idea\dollar_parent\target\classes started by Leo in D:\software\special\ide-workspace\idea\dollar_parent)
2019-11-07 23:50:28.919  INFO 18040 --- [main] com.leo.App                              : No active profile set, falling back to default profiles: default
2019-11-07 23:50:29.046  INFO 18040 --- [main] ConfigServletWebServerApplicationContext : Refreshing org.springframework.boot.web.servlet.context.AnnotationConfigServletWebServerApplicationContext@61862a7f: startup date [Thu Nov 07 23:50:29 CST 2019]; root of context hierarchy
2019-11-07 23:50:31.406  INFO 18040 --- [main] o.s.b.w.embedded.tomcat.TomcatWebServer  : Tomcat initialized with port(s): 8090 (http)
2019-11-07 23:50:31.448  INFO 18040 --- [main] o.apache.catalina.core.StandardService   : Starting service [Tomcat]
2019-11-07 23:50:31.449  INFO 18040 --- [main] org.apache.catalina.core.StandardEngine  : Starting Servlet Engine: Apache Tomcat/8.5.29
2019-11-07 23:50:31.458  INFO 18040 --- [localhost-startStop-1] o.a.catalina.core.AprLifecycleListener   : The APR based Apache Tomcat Native library which allows optimal performance in production environments was not found on the java.library.path: [D:\software\special\tools\Java\jdk1.8.0_181\bin;C:\Windows\Sun\Java\bin;C:\Windows\system32;C:\Windows;D:\software\special\NetSarang\Xshell 6\;D:\software\special\NetSarang\Xftp 6\;C:\Program Files (x86)\Common Files\Oracle\Java\javapath;C:\Program Files (x86)\Intel\Intel(R) Management Engine Components\iCLS\;C:\Program Files\Intel\Intel(R) Management Engine Components\iCLS\;C:\Windows\system32;C:\Windows;C:\Windows\System32\Wbem;C:\Windows\System32\WindowsPowerShell\v1.0\;C:\Windows\System32\OpenSSH\;C:\Program Files\NVIDIA Corporation\NVIDIA NvDLISR;C:\Program Files\Intel\WiFi\bin\;C:\Program Files\Common Files\Intel\WirelessCommon\;C:\Program Files (x86)\NVIDIA Corporation\PhysX\Common;C:\Program Files (x86)\Intel\Intel(R) Management Engine Components\DAL;C:\Program Files\Intel\Intel(R) Management Engine Components\DAL;D:\software\special\TortoiseSVN\bin;D:\software\special\tools\Java\jdk1.8.0_181\bin;D:\software\special\tools\go\bin;D:\software\special\Git\cmd;C:\Users\Leo\AppData\Local\Microsoft\WindowsApps;C:\Program Files\Intel\WiFi\bin\;C:\Program Files\Common Files\Intel\WirelessCommon\;D:\software\special\Microsoft VS Code\bin;.]
2019-11-07 23:50:31.637  INFO 18040 --- [localhost-startStop-1] o.a.c.c.C.[Tomcat].[localhost].[/]       : Initializing Spring embedded WebApplicationContext
2019-11-07 23:50:31.638  INFO 18040 --- [localhost-startStop-1] o.s.web.context.ContextLoader            : Root WebApplicationContext: initialization completed in 2593 ms
2019-11-07 23:50:31.920  INFO 18040 --- [localhost-startStop-1] o.s.b.w.servlet.ServletRegistrationBean  : Servlet dispatcherServlet mapped to [/]
2019-11-07 23:50:31.930  INFO 18040 --- [localhost-startStop-1] o.s.b.w.servlet.FilterRegistrationBean   : Mapping filter: 'characterEncodingFilter' to: [/*]
2019-11-07 23:50:31.931  INFO 18040 --- [localhost-startStop-1] o.s.b.w.servlet.FilterRegistrationBean   : Mapping filter: 'hiddenHttpMethodFilter' to: [/*]
2019-11-07 23:50:31.932  INFO 18040 --- [localhost-startStop-1] o.s.b.w.servlet.FilterRegistrationBean   : Mapping filter: 'httpPutFormContentFilter' to: [/*]
2019-11-07 23:50:31.932  INFO 18040 --- [localhost-startStop-1] o.s.b.w.servlet.FilterRegistrationBean   : Mapping filter: 'requestContextFilter' to: [/*]
2019-11-07 23:50:32.140  INFO 18040 --- [main] o.s.w.s.handler.SimpleUrlHandlerMapping  : Mapped URL path [/**/favicon.ico] onto handler of type [class org.springframework.web.servlet.resource.ResourceHttpRequestHandler]
2019-11-07 23:50:32.540  INFO 18040 --- [main] s.w.s.m.m.a.RequestMappingHandlerAdapter : Looking for @ControllerAdvice: org.springframework.boot.web.servlet.context.AnnotationConfigServletWebServerApplicationContext@61862a7f: startup date [Thu Nov 07 23:50:29 CST 2019]; root of context hierarchy
2019-11-07 23:50:32.674  INFO 18040 --- [main] s.w.s.m.m.a.RequestMappingHandlerMapping : Mapped "{[/success]}" onto public java.lang.String com.leo.controller.HelloController.success()
2019-11-07 23:50:32.676  INFO 18040 --- [main] s.w.s.m.m.a.RequestMappingHandlerMapping : Mapped "{[/hello]}" onto public java.lang.String com.leo.controller.HelloController.hello()
2019-11-07 23:50:32.685  INFO 18040 --- [main] s.w.s.m.m.a.RequestMappingHandlerMapping : Mapped "{[/error]}" onto public org.springframework.http.ResponseEntity<java.util.Map<java.lang.String, java.lang.Object>> org.springframework.boot.autoconfigure.web.servlet.error.BasicErrorController.error(javax.servlet.http.HttpServletRequest)
2019-11-07 23:50:32.686  INFO 18040 --- [main] s.w.s.m.m.a.RequestMappingHandlerMapping : Mapped "{[/error],produces=[text/html]}" onto public org.springframework.web.servlet.ModelAndView org.springframework.boot.autoconfigure.web.servlet.error.BasicErrorController.errorHtml(javax.servlet.http.HttpServletRequest,javax.servlet.http.HttpServletResponse)
2019-11-07 23:50:32.735  INFO 18040 --- [main] o.s.w.s.handler.SimpleUrlHandlerMapping  : Mapped URL path [/webjars/**] onto handler of type [class org.springframework.web.servlet.resource.ResourceHttpRequestHandler]
2019-11-07 23:50:32.736  INFO 18040 --- [main] o.s.w.s.handler.SimpleUrlHandlerMapping  : Mapped URL path [/**] onto handler of type [class org.springframework.web.servlet.resource.ResourceHttpRequestHandler]
2019-11-07 23:50:33.164  INFO 18040 --- [main] o.s.j.e.a.AnnotationMBeanExporter        : Registering beans for JMX exposure on startup
2019-11-07 23:50:33.251  INFO 18040 --- [main] o.s.b.w.embedded.tomcat.TomcatWebServer  : Tomcat started on port(s): 8090 (http) with context path ''
2019-11-07 23:50:33.259  INFO 18040 --- [main] com.leo.App                              : Started App in 5.324 seconds (JVM running for 8.905)
2019-11-07 23:50:54.514  INFO 18040 --- [http-nio-8090-exec-1] o.a.c.c.C.[Tomcat].[localhost].[/]       : Initializing Spring FrameworkServlet 'dispatcherServlet'
2019-11-07 23:50:54.515  INFO 18040 --- [http-nio-8090-exec-1] o.s.web.servlet.DispatcherServlet        : FrameworkServlet 'dispatcherServlet': initialization started
2019-11-07 23:50:54.564  INFO 18040 --- [http-nio-8090-exec-1] o.s.web.servlet.DispatcherServlet        : FrameworkServlet 'dispatcherServlet': initialization completed in 48 ms
2019-11-07 23:51:22.626  INFO 13752 --- [main] com.leo.App                              : Starting App on zhangql with PID 13752 (D:\software\special\ide-workspace\idea\dollar_parent\target\classes started by Leo in D:\software\special\ide-workspace\idea\dollar_parent)
2019-11-07 23:51:22.640  INFO 13752 --- [main] com.leo.App                              : No active profile set, falling back to default profiles: default
2019-11-07 23:51:22.768  INFO 13752 --- [main] ConfigServletWebServerApplicationContext : Refreshing org.springframework.boot.web.servlet.context.AnnotationConfigServletWebServerApplicationContext@61862a7f: startup date [Thu Nov 07 23:51:22 CST 2019]; root of context hierarchy
2019-11-07 23:51:25.181  INFO 13752 --- [main] o.s.b.w.embedded.tomcat.TomcatWebServer  : Tomcat initialized with port(s): 8090 (http)
2019-11-07 23:51:25.224  INFO 13752 --- [main] o.apache.catalina.core.StandardService   : Starting service [Tomcat]
2019-11-07 23:51:25.225  INFO 13752 --- [main] org.apache.catalina.core.StandardEngine  : Starting Servlet Engine: Apache Tomcat/8.5.29
2019-11-07 23:51:25.234  INFO 13752 --- [localhost-startStop-1] o.a.catalina.core.AprLifecycleListener   : The APR based Apache Tomcat Native library which allows optimal performance in production environments was not found on the java.library.path: [D:\software\special\tools\Java\jdk1.8.0_181\bin;C:\Windows\Sun\Java\bin;C:\Windows\system32;C:\Windows;D:\software\special\NetSarang\Xshell 6\;D:\software\special\NetSarang\Xftp 6\;C:\Program Files (x86)\Common Files\Oracle\Java\javapath;C:\Program Files (x86)\Intel\Intel(R) Management Engine Components\iCLS\;C:\Program Files\Intel\Intel(R) Management Engine Components\iCLS\;C:\Windows\system32;C:\Windows;C:\Windows\System32\Wbem;C:\Windows\System32\WindowsPowerShell\v1.0\;C:\Windows\System32\OpenSSH\;C:\Program Files\NVIDIA Corporation\NVIDIA NvDLISR;C:\Program Files\Intel\WiFi\bin\;C:\Program Files\Common Files\Intel\WirelessCommon\;C:\Program Files (x86)\NVIDIA Corporation\PhysX\Common;C:\Program Files (x86)\Intel\Intel(R) Management Engine Components\DAL;C:\Program Files\Intel\Intel(R) Management Engine Components\DAL;D:\software\special\TortoiseSVN\bin;D:\software\special\tools\Java\jdk1.8.0_181\bin;D:\software\special\tools\go\bin;D:\software\special\Git\cmd;C:\Users\Leo\AppData\Local\Microsoft\WindowsApps;C:\Program Files\Intel\WiFi\bin\;C:\Program Files\Common Files\Intel\WirelessCommon\;D:\software\special\Microsoft VS Code\bin;.]
2019-11-07 23:51:25.407  INFO 13752 --- [localhost-startStop-1] o.a.c.c.C.[Tomcat].[localhost].[/]       : Initializing Spring embedded WebApplicationContext
2019-11-07 23:51:25.408  INFO 13752 --- [localhost-startStop-1] o.s.web.context.ContextLoader            : Root WebApplicationContext: initialization completed in 2641 ms
2019-11-07 23:51:25.747  INFO 13752 --- [localhost-startStop-1] o.s.b.w.servlet.ServletRegistrationBean  : Servlet dispatcherServlet mapped to [/]
2019-11-07 23:51:25.755  INFO 13752 --- [localhost-startStop-1] o.s.b.w.servlet.FilterRegistrationBean   : Mapping filter: 'characterEncodingFilter' to: [/*]
2019-11-07 23:51:25.757  INFO 13752 --- [localhost-startStop-1] o.s.b.w.servlet.FilterRegistrationBean   : Mapping filter: 'hiddenHttpMethodFilter' to: [/*]
2019-11-07 23:51:25.757  INFO 13752 --- [localhost-startStop-1] o.s.b.w.servlet.FilterRegistrationBean   : Mapping filter: 'httpPutFormContentFilter' to: [/*]
2019-11-07 23:51:25.758  INFO 13752 --- [localhost-startStop-1] o.s.b.w.servlet.FilterRegistrationBean   : Mapping filter: 'requestContextFilter' to: [/*]
2019-11-07 23:51:25.951  INFO 13752 --- [main] o.s.w.s.handler.SimpleUrlHandlerMapping  : Mapped URL path [/**/favicon.ico] onto handler of type [class org.springframework.web.servlet.resource.ResourceHttpRequestHandler]
2019-11-07 23:51:26.394  INFO 13752 --- [main] s.w.s.m.m.a.RequestMappingHandlerAdapter : Looking for @ControllerAdvice: org.springframework.boot.web.servlet.context.AnnotationConfigServletWebServerApplicationContext@61862a7f: startup date [Thu Nov 07 23:51:22 CST 2019]; root of context hierarchy
2019-11-07 23:51:26.494  INFO 13752 --- [main] s.w.s.m.m.a.RequestMappingHandlerMapping : Mapped "{[/success]}" onto public java.lang.String com.leo.controller.HelloController.success()
2019-11-07 23:51:26.495  INFO 13752 --- [main] s.w.s.m.m.a.RequestMappingHandlerMapping : Mapped "{[/hello]}" onto public java.lang.String com.leo.controller.HelloController.hello()
2019-11-07 23:51:26.511  INFO 13752 --- [main] s.w.s.m.m.a.RequestMappingHandlerMapping : Mapped "{[/error]}" onto public org.springframework.http.ResponseEntity<java.util.Map<java.lang.String, java.lang.Object>> org.springframework.boot.autoconfigure.web.servlet.error.BasicErrorController.error(javax.servlet.http.HttpServletRequest)
2019-11-07 23:51:26.513  INFO 13752 --- [main] s.w.s.m.m.a.RequestMappingHandlerMapping : Mapped "{[/error],produces=[text/html]}" onto public org.springframework.web.servlet.ModelAndView org.springframework.boot.autoconfigure.web.servlet.error.BasicErrorController.errorHtml(javax.servlet.http.HttpServletRequest,javax.servlet.http.HttpServletResponse)
2019-11-07 23:51:26.559  INFO 13752 --- [main] o.s.w.s.handler.SimpleUrlHandlerMapping  : Mapped URL path [/webjars/**] onto handler of type [class org.springframework.web.servlet.resource.ResourceHttpRequestHandler]
2019-11-07 23:51:26.561  INFO 13752 --- [main] o.s.w.s.handler.SimpleUrlHandlerMapping  : Mapped URL path [/**] onto handler of type [class org.springframework.web.servlet.resource.ResourceHttpRequestHandler]
2019-11-07 23:51:27.015  INFO 13752 --- [main] o.s.j.e.a.AnnotationMBeanExporter        : Registering beans for JMX exposure on startup
2019-11-07 23:51:27.105  INFO 13752 --- [main] o.s.b.w.embedded.tomcat.TomcatWebServer  : Tomcat started on port(s): 8090 (http) with context path ''
2019-11-07 23:51:27.115  INFO 13752 --- [main] com.leo.App                              : Started App in 5.427 seconds (JVM running for 9.083)
2019-11-07 23:51:41.662  INFO 13752 --- [http-nio-8090-exec-1] o.a.c.c.C.[Tomcat].[localhost].[/]       : Initializing Spring FrameworkServlet 'dispatcherServlet'
2019-11-07 23:51:41.663  INFO 13752 --- [http-nio-8090-exec-1] o.s.web.servlet.DispatcherServlet        : FrameworkServlet 'dispatcherServlet': initialization started
2019-11-07 23:51:41.704  INFO 13752 --- [http-nio-8090-exec-1] o.s.web.servlet.DispatcherServlet        : FrameworkServlet 'dispatcherServlet': initialization completed in 41 ms
2019-11-07 23:54:19.776  INFO 12444 --- [main] com.leo.App                              : Starting App on zhangql with PID 12444 (D:\software\special\ide-workspace\idea\dollar_parent\target\classes started by Leo in D:\software\special\ide-workspace\idea\dollar_parent)
2019-11-07 23:54:19.782  INFO 12444 --- [main] com.leo.App                              : No active profile set, falling back to default profiles: default
2019-11-07 23:54:19.975  INFO 12444 --- [main] ConfigServletWebServerApplicationContext : Refreshing org.springframework.boot.web.servlet.context.AnnotationConfigServletWebServerApplicationContext@61862a7f: startup date [Thu Nov 07 23:54:19 CST 2019]; root of context hierarchy
2019-11-07 23:54:22.248  INFO 12444 --- [main] o.s.b.w.embedded.tomcat.TomcatWebServer  : Tomcat initialized with port(s): 8090 (http)
2019-11-07 23:54:22.290  INFO 12444 --- [main] o.apache.catalina.core.StandardService   : Starting service [Tomcat]
2019-11-07 23:54:22.291  INFO 12444 --- [main] org.apache.catalina.core.StandardEngine  : Starting Servlet Engine: Apache Tomcat/8.5.29
2019-11-07 23:54:22.300  INFO 12444 --- [localhost-startStop-1] o.a.catalina.core.AprLifecycleListener   : The APR based Apache Tomcat Native library which allows optimal performance in production environments was not found on the java.library.path: [D:\software\special\tools\Java\jdk1.8.0_181\bin;C:\Windows\Sun\Java\bin;C:\Windows\system32;C:\Windows;D:\software\special\NetSarang\Xshell 6\;D:\software\special\NetSarang\Xftp 6\;C:\Program Files (x86)\Common Files\Oracle\Java\javapath;C:\Program Files (x86)\Intel\Intel(R) Management Engine Components\iCLS\;C:\Program Files\Intel\Intel(R) Management Engine Components\iCLS\;C:\Windows\system32;C:\Windows;C:\Windows\System32\Wbem;C:\Windows\System32\WindowsPowerShell\v1.0\;C:\Windows\System32\OpenSSH\;C:\Program Files\NVIDIA Corporation\NVIDIA NvDLISR;C:\Program Files\Intel\WiFi\bin\;C:\Program Files\Common Files\Intel\WirelessCommon\;C:\Program Files (x86)\NVIDIA Corporation\PhysX\Common;C:\Program Files (x86)\Intel\Intel(R) Management Engine Components\DAL;C:\Program Files\Intel\Intel(R) Management Engine Components\DAL;D:\software\special\TortoiseSVN\bin;D:\software\special\tools\Java\jdk1.8.0_181\bin;D:\software\special\tools\go\bin;D:\software\special\Git\cmd;C:\Users\Leo\AppData\Local\Microsoft\WindowsApps;C:\Program Files\Intel\WiFi\bin\;C:\Program Files\Common Files\Intel\WirelessCommon\;D:\software\special\Microsoft VS Code\bin;.]
2019-11-07 23:54:22.474  INFO 12444 --- [localhost-startStop-1] o.a.c.c.C.[Tomcat].[localhost].[/]       : Initializing Spring embedded WebApplicationContext
2019-11-07 23:54:22.475  INFO 12444 --- [localhost-startStop-1] o.s.web.context.ContextLoader            : Root WebApplicationContext: initialization completed in 2499 ms
2019-11-07 23:54:22.750  INFO 12444 --- [localhost-startStop-1] o.s.b.w.servlet.ServletRegistrationBean  : Servlet dispatcherServlet mapped to [/]
2019-11-07 23:54:22.759  INFO 12444 --- [localhost-startStop-1] o.s.b.w.servlet.FilterRegistrationBean   : Mapping filter: 'characterEncodingFilter' to: [/*]
2019-11-07 23:54:22.759  INFO 12444 --- [localhost-startStop-1] o.s.b.w.servlet.FilterRegistrationBean   : Mapping filter: 'hiddenHttpMethodFilter' to: [/*]
2019-11-07 23:54:22.760  INFO 12444 --- [localhost-startStop-1] o.s.b.w.servlet.FilterRegistrationBean   : Mapping filter: 'httpPutFormContentFilter' to: [/*]
2019-11-07 23:54:22.760  INFO 12444 --- [localhost-startStop-1] o.s.b.w.servlet.FilterRegistrationBean   : Mapping filter: 'requestContextFilter' to: [/*]
2019-11-07 23:54:22.958  INFO 12444 --- [main] o.s.w.s.handler.SimpleUrlHandlerMapping  : Mapped URL path [/**/favicon.ico] onto handler of type [class org.springframework.web.servlet.resource.ResourceHttpRequestHandler]
2019-11-07 23:54:23.329  INFO 12444 --- [main] s.w.s.m.m.a.RequestMappingHandlerAdapter : Looking for @ControllerAdvice: org.springframework.boot.web.servlet.context.AnnotationConfigServletWebServerApplicationContext@61862a7f: startup date [Thu Nov 07 23:54:19 CST 2019]; root of context hierarchy
2019-11-07 23:54:23.428  INFO 12444 --- [main] s.w.s.m.m.a.RequestMappingHandlerMapping : Mapped "{[/success]}" onto public java.lang.String com.leo.controller.HelloController.success()
2019-11-07 23:54:23.430  INFO 12444 --- [main] s.w.s.m.m.a.RequestMappingHandlerMapping : Mapped "{[/hello]}" onto public java.lang.String com.leo.controller.HelloController.hello()
2019-11-07 23:54:23.439  INFO 12444 --- [main] s.w.s.m.m.a.RequestMappingHandlerMapping : Mapped "{[/error]}" onto public org.springframework.http.ResponseEntity<java.util.Map<java.lang.String, java.lang.Object>> org.springframework.boot.autoconfigure.web.servlet.error.BasicErrorController.error(javax.servlet.http.HttpServletRequest)
2019-11-07 23:54:23.441  INFO 12444 --- [main] s.w.s.m.m.a.RequestMappingHandlerMapping : Mapped "{[/error],produces=[text/html]}" onto public org.springframework.web.servlet.ModelAndView org.springframework.boot.autoconfigure.web.servlet.error.BasicErrorController.errorHtml(javax.servlet.http.HttpServletRequest,javax.servlet.http.HttpServletResponse)
2019-11-07 23:54:23.486  INFO 12444 --- [main] o.s.w.s.handler.SimpleUrlHandlerMapping  : Mapped URL path [/webjars/**] onto handler of type [class org.springframework.web.servlet.resource.ResourceHttpRequestHandler]
2019-11-07 23:54:23.487  INFO 12444 --- [main] o.s.w.s.handler.SimpleUrlHandlerMapping  : Mapped URL path [/**] onto handler of type [class org.springframework.web.servlet.resource.ResourceHttpRequestHandler]
2019-11-07 23:54:23.867  INFO 12444 --- [main] o.s.j.e.a.AnnotationMBeanExporter        : Registering beans for JMX exposure on startup
2019-11-07 23:54:23.954  INFO 12444 --- [main] o.s.b.w.embedded.tomcat.TomcatWebServer  : Tomcat started on port(s): 8090 (http) with context path ''
2019-11-07 23:54:23.963  INFO 12444 --- [main] com.leo.App                              : Started App in 5.146 seconds (JVM running for 9.118)
2019-11-07 23:54:29.466  INFO 12444 --- [http-nio-8090-exec-1] o.a.c.c.C.[Tomcat].[localhost].[/]       : Initializing Spring FrameworkServlet 'dispatcherServlet'
2019-11-07 23:54:29.467  INFO 12444 --- [http-nio-8090-exec-1] o.s.web.servlet.DispatcherServlet        : FrameworkServlet 'dispatcherServlet': initialization started
2019-11-07 23:54:29.506  INFO 12444 --- [http-nio-8090-exec-1] o.s.web.servlet.DispatcherServlet        : FrameworkServlet 'dispatcherServlet': initialization completed in 37 ms
